<?xml version="1.0" encoding="UTF-8"?>
<testsuite name="com.mysite.sbb.SbbApplicationTests" tests="1" skipped="0" failures="0" errors="0" timestamp="2023-11-16T01:42:58" hostname="DESKTOP-I0CI9QC" time="0.692">
  <properties/>
  <testcase name="testJpa()" classname="com.mysite.sbb.SbbApplicationTests" time="0.692"/>
  <system-out><![CDATA[10:42:55.658 [Test worker] INFO org.springframework.test.context.support.AnnotationConfigContextLoaderUtils -- Could not detect default configuration classes for test class [com.mysite.sbb.SbbApplicationTests]: SbbApplicationTests does not declare any static, non-private, non-final, nested classes annotated with @Configuration.
10:42:55.741 [Test worker] INFO org.springframework.boot.test.context.SpringBootTestContextBootstrapper -- Found @SpringBootConfiguration com.mysite.sbb.SbbApplication for test class com.mysite.sbb.SbbApplicationTests

  .   ____          _            __ _ _
 /\\ / ___'_ __ _ _(_)_ __  __ _ \ \ \ \
( ( )\___ | '_ | '_| | '_ \/ _` | \ \ \ \
 \\/  ___)| |_)| | | | | || (_| |  ) ) ) )
  '  |____| .__|_| |_|_| |_\__, | / / / /
 =========|_|==============|___/=/_/_/_/
 :: Spring Boot ::                (v3.1.5)

2023-11-16T10:42:56.031+09:00  INFO 2856 --- [    Test worker] com.mysite.sbb.SbbApplicationTests       : Starting SbbApplicationTests using Java 17.0.9 with PID 2856 (started by dnu05 in C:\Users\dnu05\sprintProjects\sbb)
2023-11-16T10:42:56.032+09:00  INFO 2856 --- [    Test worker] com.mysite.sbb.SbbApplicationTests       : No active profile set, falling back to 1 default profile: "default"
2023-11-16T10:42:56.627+09:00  INFO 2856 --- [    Test worker] .s.d.r.c.RepositoryConfigurationDelegate : Bootstrapping Spring Data JPA repositories in DEFAULT mode.
2023-11-16T10:42:56.673+09:00  INFO 2856 --- [    Test worker] .s.d.r.c.RepositoryConfigurationDelegate : Finished Spring Data repository scanning in 39 ms. Found 2 JPA repository interfaces.
2023-11-16T10:42:56.984+09:00  INFO 2856 --- [    Test worker] o.hibernate.jpa.internal.util.LogHelper  : HHH000204: Processing PersistenceUnitInfo [name: default]
2023-11-16T10:42:57.038+09:00  INFO 2856 --- [    Test worker] org.hibernate.Version                    : HHH000412: Hibernate ORM core version 6.2.13.Final
2023-11-16T10:42:57.040+09:00  INFO 2856 --- [    Test worker] org.hibernate.cfg.Environment            : HHH000406: Using bytecode reflection optimizer
2023-11-16T10:42:57.292+09:00  INFO 2856 --- [    Test worker] o.s.o.j.p.SpringPersistenceUnitInfo      : No LoadTimeWeaver setup: ignoring JPA class transformer
2023-11-16T10:42:57.316+09:00  INFO 2856 --- [    Test worker] com.zaxxer.hikari.HikariDataSource       : HikariPool-1 - Starting...
2023-11-16T10:42:57.486+09:00  INFO 2856 --- [    Test worker] com.zaxxer.hikari.pool.HikariPool        : HikariPool-1 - Added connection conn0: url=jdbc:h2:~/local user=SA
2023-11-16T10:42:57.487+09:00  INFO 2856 --- [    Test worker] com.zaxxer.hikari.HikariDataSource       : HikariPool-1 - Start completed.
2023-11-16T10:42:57.509+09:00  WARN 2856 --- [    Test worker] org.hibernate.orm.deprecation            : HHH90000025: H2Dialect does not need to be specified explicitly using 'hibernate.dialect' (remove the property setting and it will be selected by default)
2023-11-16T10:42:58.227+09:00  INFO 2856 --- [    Test worker] o.h.e.t.j.p.i.JtaPlatformInitiator       : HHH000489: No JTA platform available (set 'hibernate.transaction.jta.platform' to enable JTA platform integration)
2023-11-16T10:42:58.230+09:00  INFO 2856 --- [    Test worker] j.LocalContainerEntityManagerFactoryBean : Initialized JPA EntityManagerFactory for persistence unit 'default'
2023-11-16T10:42:58.598+09:00  WARN 2856 --- [    Test worker] JpaBaseConfiguration$JpaWebConfiguration : spring.jpa.open-in-view is enabled by default. Therefore, database queries may be performed during view rendering. Explicitly configure spring.jpa.open-in-view to disable this warning
2023-11-16T10:42:58.867+09:00  INFO 2856 --- [    Test worker] o.s.b.a.h2.H2ConsoleAutoConfiguration    : H2 console available at '/h2-console'. Database available at 'jdbc:h2:~/local'
2023-11-16T10:42:58.901+09:00  INFO 2856 --- [    Test worker] com.mysite.sbb.SbbApplicationTests       : Started SbbApplicationTests in 3.032 seconds (process running for 3.979)
Hibernate: 
    insert 
    into
        question
        (content,create_date,subject,id) 
    values
        (?,?,?,default)
Hibernate: 
    insert 
    into
        question
        (content,create_date,subject,id) 
    values
        (?,?,?,default)
Hibernate: 
    insert 
    into
        question
        (content,create_date,subject,id) 
    values
        (?,?,?,default)
Hibernate: 
    insert 
    into
        question
        (content,create_date,subject,id) 
    values
        (?,?,?,default)
Hibernate: 
    insert 
    into
        question
        (content,create_date,subject,id) 
    values
        (?,?,?,default)
Hibernate: 
    insert 
    into
        question
        (content,create_date,subject,id) 
    values
        (?,?,?,default)
Hibernate: 
    insert 
    into
        question
        (content,create_date,subject,id) 
    values
        (?,?,?,default)
Hibernate: 
    insert 
    into
        question
        (content,create_date,subject,id) 
    values
        (?,?,?,default)
Hibernate: 
    insert 
    into
        question
        (content,create_date,subject,id) 
    values
        (?,?,?,default)
Hibernate: 
    insert 
    into
        question
        (content,create_date,subject,id) 
    values
        (?,?,?,default)
Hibernate: 
    insert 
    into
        question
        (content,create_date,subject,id) 
    values
        (?,?,?,default)
Hibernate: 
    insert 
    into
        question
        (content,create_date,subject,id) 
    values
        (?,?,?,default)
Hibernate: 
    insert 
    into
        question
        (content,create_date,subject,id) 
    values
        (?,?,?,default)
Hibernate: 
    insert 
    into
        question
        (content,create_date,subject,id) 
    values
        (?,?,?,default)
Hibernate: 
    insert 
    into
        question
        (content,create_date,subject,id) 
    values
        (?,?,?,default)
Hibernate: 
    insert 
    into
        question
        (content,create_date,subject,id) 
    values
        (?,?,?,default)
Hibernate: 
    insert 
    into
        question
        (content,create_date,subject,id) 
    values
        (?,?,?,default)
Hibernate: 
    insert 
    into
        question
        (content,create_date,subject,id) 
    values
        (?,?,?,default)
Hibernate: 
    insert 
    into
        question
        (content,create_date,subject,id) 
    values
        (?,?,?,default)
Hibernate: 
    insert 
    into
        question
        (content,create_date,subject,id) 
    values
        (?,?,?,default)
Hibernate: 
    insert 
    into
        question
        (content,create_date,subject,id) 
    values
        (?,?,?,default)
Hibernate: 
    insert 
    into
        question
        (content,create_date,subject,id) 
    values
        (?,?,?,default)
Hibernate: 
    insert 
    into
        question
        (content,create_date,subject,id) 
    values
        (?,?,?,default)
Hibernate: 
    insert 
    into
        question
        (content,create_date,subject,id) 
    values
        (?,?,?,default)
Hibernate: 
    insert 
    into
        question
        (content,create_date,subject,id) 
    values
        (?,?,?,default)
Hibernate: 
    insert 
    into
        question
        (content,create_date,subject,id) 
    values
        (?,?,?,default)
Hibernate: 
    insert 
    into
        question
        (content,create_date,subject,id) 
    values
        (?,?,?,default)
Hibernate: 
    insert 
    into
        question
        (content,create_date,subject,id) 
    values
        (?,?,?,default)
Hibernate: 
    insert 
    into
        question
        (content,create_date,subject,id) 
    values
        (?,?,?,default)
Hibernate: 
    insert 
    into
        question
        (content,create_date,subject,id) 
    values
        (?,?,?,default)
Hibernate: 
    insert 
    into
        question
        (content,create_date,subject,id) 
    values
        (?,?,?,default)
Hibernate: 
    insert 
    into
        question
        (content,create_date,subject,id) 
    values
        (?,?,?,default)
Hibernate: 
    insert 
    into
        question
        (content,create_date,subject,id) 
    values
        (?,?,?,default)
Hibernate: 
    insert 
    into
        question
        (content,create_date,subject,id) 
    values
        (?,?,?,default)
Hibernate: 
    insert 
    into
        question
        (content,create_date,subject,id) 
    values
        (?,?,?,default)
Hibernate: 
    insert 
    into
        question
        (content,create_date,subject,id) 
    values
        (?,?,?,default)
Hibernate: 
    insert 
    into
        question
        (content,create_date,subject,id) 
    values
        (?,?,?,default)
Hibernate: 
    insert 
    into
        question
        (content,create_date,subject,id) 
    values
        (?,?,?,default)
Hibernate: 
    insert 
    into
        question
        (content,create_date,subject,id) 
    values
        (?,?,?,default)
Hibernate: 
    insert 
    into
        question
        (content,create_date,subject,id) 
    values
        (?,?,?,default)
Hibernate: 
    insert 
    into
        question
        (content,create_date,subject,id) 
    values
        (?,?,?,default)
Hibernate: 
    insert 
    into
        question
        (content,create_date,subject,id) 
    values
        (?,?,?,default)
Hibernate: 
    insert 
    into
        question
        (content,create_date,subject,id) 
    values
        (?,?,?,default)
Hibernate: 
    insert 
    into
        question
        (content,create_date,subject,id) 
    values
        (?,?,?,default)
Hibernate: 
    insert 
    into
        question
        (content,create_date,subject,id) 
    values
        (?,?,?,default)
Hibernate: 
    insert 
    into
        question
        (content,create_date,subject,id) 
    values
        (?,?,?,default)
Hibernate: 
    insert 
    into
        question
        (content,create_date,subject,id) 
    values
        (?,?,?,default)
Hibernate: 
    insert 
    into
        question
        (content,create_date,subject,id) 
    values
        (?,?,?,default)
Hibernate: 
    insert 
    into
        question
        (content,create_date,subject,id) 
    values
        (?,?,?,default)
Hibernate: 
    insert 
    into
        question
        (content,create_date,subject,id) 
    values
        (?,?,?,default)
Hibernate: 
    insert 
    into
        question
        (content,create_date,subject,id) 
    values
        (?,?,?,default)
Hibernate: 
    insert 
    into
        question
        (content,create_date,subject,id) 
    values
        (?,?,?,default)
Hibernate: 
    insert 
    into
        question
        (content,create_date,subject,id) 
    values
        (?,?,?,default)
Hibernate: 
    insert 
    into
        question
        (content,create_date,subject,id) 
    values
        (?,?,?,default)
Hibernate: 
    insert 
    into
        question
        (content,create_date,subject,id) 
    values
        (?,?,?,default)
Hibernate: 
    insert 
    into
        question
        (content,create_date,subject,id) 
    values
        (?,?,?,default)
Hibernate: 
    insert 
    into
        question
        (content,create_date,subject,id) 
    values
        (?,?,?,default)
Hibernate: 
    insert 
    into
        question
        (content,create_date,subject,id) 
    values
        (?,?,?,default)
Hibernate: 
    insert 
    into
        question
        (content,create_date,subject,id) 
    values
        (?,?,?,default)
Hibernate: 
    insert 
    into
        question
        (content,create_date,subject,id) 
    values
        (?,?,?,default)
Hibernate: 
    insert 
    into
        question
        (content,create_date,subject,id) 
    values
        (?,?,?,default)
Hibernate: 
    insert 
    into
        question
        (content,create_date,subject,id) 
    values
        (?,?,?,default)
Hibernate: 
    insert 
    into
        question
        (content,create_date,subject,id) 
    values
        (?,?,?,default)
Hibernate: 
    insert 
    into
        question
        (content,create_date,subject,id) 
    values
        (?,?,?,default)
Hibernate: 
    insert 
    into
        question
        (content,create_date,subject,id) 
    values
        (?,?,?,default)
Hibernate: 
    insert 
    into
        question
        (content,create_date,subject,id) 
    values
        (?,?,?,default)
Hibernate: 
    insert 
    into
        question
        (content,create_date,subject,id) 
    values
        (?,?,?,default)
Hibernate: 
    insert 
    into
        question
        (content,create_date,subject,id) 
    values
        (?,?,?,default)
Hibernate: 
    insert 
    into
        question
        (content,create_date,subject,id) 
    values
        (?,?,?,default)
Hibernate: 
    insert 
    into
        question
        (content,create_date,subject,id) 
    values
        (?,?,?,default)
Hibernate: 
    insert 
    into
        question
        (content,create_date,subject,id) 
    values
        (?,?,?,default)
Hibernate: 
    insert 
    into
        question
        (content,create_date,subject,id) 
    values
        (?,?,?,default)
Hibernate: 
    insert 
    into
        question
        (content,create_date,subject,id) 
    values
        (?,?,?,default)
Hibernate: 
    insert 
    into
        question
        (content,create_date,subject,id) 
    values
        (?,?,?,default)
Hibernate: 
    insert 
    into
        question
        (content,create_date,subject,id) 
    values
        (?,?,?,default)
Hibernate: 
    insert 
    into
        question
        (content,create_date,subject,id) 
    values
        (?,?,?,default)
Hibernate: 
    insert 
    into
        question
        (content,create_date,subject,id) 
    values
        (?,?,?,default)
Hibernate: 
    insert 
    into
        question
        (content,create_date,subject,id) 
    values
        (?,?,?,default)
Hibernate: 
    insert 
    into
        question
        (content,create_date,subject,id) 
    values
        (?,?,?,default)
Hibernate: 
    insert 
    into
        question
        (content,create_date,subject,id) 
    values
        (?,?,?,default)
Hibernate: 
    insert 
    into
        question
        (content,create_date,subject,id) 
    values
        (?,?,?,default)
Hibernate: 
    insert 
    into
        question
        (content,create_date,subject,id) 
    values
        (?,?,?,default)
Hibernate: 
    insert 
    into
        question
        (content,create_date,subject,id) 
    values
        (?,?,?,default)
Hibernate: 
    insert 
    into
        question
        (content,create_date,subject,id) 
    values
        (?,?,?,default)
Hibernate: 
    insert 
    into
        question
        (content,create_date,subject,id) 
    values
        (?,?,?,default)
Hibernate: 
    insert 
    into
        question
        (content,create_date,subject,id) 
    values
        (?,?,?,default)
Hibernate: 
    insert 
    into
        question
        (content,create_date,subject,id) 
    values
        (?,?,?,default)
Hibernate: 
    insert 
    into
        question
        (content,create_date,subject,id) 
    values
        (?,?,?,default)
Hibernate: 
    insert 
    into
        question
        (content,create_date,subject,id) 
    values
        (?,?,?,default)
Hibernate: 
    insert 
    into
        question
        (content,create_date,subject,id) 
    values
        (?,?,?,default)
Hibernate: 
    insert 
    into
        question
        (content,create_date,subject,id) 
    values
        (?,?,?,default)
Hibernate: 
    insert 
    into
        question
        (content,create_date,subject,id) 
    values
        (?,?,?,default)
Hibernate: 
    insert 
    into
        question
        (content,create_date,subject,id) 
    values
        (?,?,?,default)
Hibernate: 
    insert 
    into
        question
        (content,create_date,subject,id) 
    values
        (?,?,?,default)
Hibernate: 
    insert 
    into
        question
        (content,create_date,subject,id) 
    values
        (?,?,?,default)
Hibernate: 
    insert 
    into
        question
        (content,create_date,subject,id) 
    values
        (?,?,?,default)
Hibernate: 
    insert 
    into
        question
        (content,create_date,subject,id) 
    values
        (?,?,?,default)
Hibernate: 
    insert 
    into
        question
        (content,create_date,subject,id) 
    values
        (?,?,?,default)
Hibernate: 
    insert 
    into
        question
        (content,create_date,subject,id) 
    values
        (?,?,?,default)
Hibernate: 
    insert 
    into
        question
        (content,create_date,subject,id) 
    values
        (?,?,?,default)
Hibernate: 
    insert 
    into
        question
        (content,create_date,subject,id) 
    values
        (?,?,?,default)
Hibernate: 
    insert 
    into
        question
        (content,create_date,subject,id) 
    values
        (?,?,?,default)
Hibernate: 
    insert 
    into
        question
        (content,create_date,subject,id) 
    values
        (?,?,?,default)
Hibernate: 
    insert 
    into
        question
        (content,create_date,subject,id) 
    values
        (?,?,?,default)
Hibernate: 
    insert 
    into
        question
        (content,create_date,subject,id) 
    values
        (?,?,?,default)
Hibernate: 
    insert 
    into
        question
        (content,create_date,subject,id) 
    values
        (?,?,?,default)
Hibernate: 
    insert 
    into
        question
        (content,create_date,subject,id) 
    values
        (?,?,?,default)
Hibernate: 
    insert 
    into
        question
        (content,create_date,subject,id) 
    values
        (?,?,?,default)
Hibernate: 
    insert 
    into
        question
        (content,create_date,subject,id) 
    values
        (?,?,?,default)
Hibernate: 
    insert 
    into
        question
        (content,create_date,subject,id) 
    values
        (?,?,?,default)
Hibernate: 
    insert 
    into
        question
        (content,create_date,subject,id) 
    values
        (?,?,?,default)
Hibernate: 
    insert 
    into
        question
        (content,create_date,subject,id) 
    values
        (?,?,?,default)
Hibernate: 
    insert 
    into
        question
        (content,create_date,subject,id) 
    values
        (?,?,?,default)
Hibernate: 
    insert 
    into
        question
        (content,create_date,subject,id) 
    values
        (?,?,?,default)
Hibernate: 
    insert 
    into
        question
        (content,create_date,subject,id) 
    values
        (?,?,?,default)
Hibernate: 
    insert 
    into
        question
        (content,create_date,subject,id) 
    values
        (?,?,?,default)
Hibernate: 
    insert 
    into
        question
        (content,create_date,subject,id) 
    values
        (?,?,?,default)
Hibernate: 
    insert 
    into
        question
        (content,create_date,subject,id) 
    values
        (?,?,?,default)
Hibernate: 
    insert 
    into
        question
        (content,create_date,subject,id) 
    values
        (?,?,?,default)
Hibernate: 
    insert 
    into
        question
        (content,create_date,subject,id) 
    values
        (?,?,?,default)
Hibernate: 
    insert 
    into
        question
        (content,create_date,subject,id) 
    values
        (?,?,?,default)
Hibernate: 
    insert 
    into
        question
        (content,create_date,subject,id) 
    values
        (?,?,?,default)
Hibernate: 
    insert 
    into
        question
        (content,create_date,subject,id) 
    values
        (?,?,?,default)
Hibernate: 
    insert 
    into
        question
        (content,create_date,subject,id) 
    values
        (?,?,?,default)
Hibernate: 
    insert 
    into
        question
        (content,create_date,subject,id) 
    values
        (?,?,?,default)
Hibernate: 
    insert 
    into
        question
        (content,create_date,subject,id) 
    values
        (?,?,?,default)
Hibernate: 
    insert 
    into
        question
        (content,create_date,subject,id) 
    values
        (?,?,?,default)
Hibernate: 
    insert 
    into
        question
        (content,create_date,subject,id) 
    values
        (?,?,?,default)
Hibernate: 
    insert 
    into
        question
        (content,create_date,subject,id) 
    values
        (?,?,?,default)
Hibernate: 
    insert 
    into
        question
        (content,create_date,subject,id) 
    values
        (?,?,?,default)
Hibernate: 
    insert 
    into
        question
        (content,create_date,subject,id) 
    values
        (?,?,?,default)
Hibernate: 
    insert 
    into
        question
        (content,create_date,subject,id) 
    values
        (?,?,?,default)
Hibernate: 
    insert 
    into
        question
        (content,create_date,subject,id) 
    values
        (?,?,?,default)
Hibernate: 
    insert 
    into
        question
        (content,create_date,subject,id) 
    values
        (?,?,?,default)
Hibernate: 
    insert 
    into
        question
        (content,create_date,subject,id) 
    values
        (?,?,?,default)
Hibernate: 
    insert 
    into
        question
        (content,create_date,subject,id) 
    values
        (?,?,?,default)
Hibernate: 
    insert 
    into
        question
        (content,create_date,subject,id) 
    values
        (?,?,?,default)
Hibernate: 
    insert 
    into
        question
        (content,create_date,subject,id) 
    values
        (?,?,?,default)
Hibernate: 
    insert 
    into
        question
        (content,create_date,subject,id) 
    values
        (?,?,?,default)
Hibernate: 
    insert 
    into
        question
        (content,create_date,subject,id) 
    values
        (?,?,?,default)
Hibernate: 
    insert 
    into
        question
        (content,create_date,subject,id) 
    values
        (?,?,?,default)
Hibernate: 
    insert 
    into
        question
        (content,create_date,subject,id) 
    values
        (?,?,?,default)
Hibernate: 
    insert 
    into
        question
        (content,create_date,subject,id) 
    values
        (?,?,?,default)
Hibernate: 
    insert 
    into
        question
        (content,create_date,subject,id) 
    values
        (?,?,?,default)
Hibernate: 
    insert 
    into
        question
        (content,create_date,subject,id) 
    values
        (?,?,?,default)
Hibernate: 
    insert 
    into
        question
        (content,create_date,subject,id) 
    values
        (?,?,?,default)
Hibernate: 
    insert 
    into
        question
        (content,create_date,subject,id) 
    values
        (?,?,?,default)
Hibernate: 
    insert 
    into
        question
        (content,create_date,subject,id) 
    values
        (?,?,?,default)
Hibernate: 
    insert 
    into
        question
        (content,create_date,subject,id) 
    values
        (?,?,?,default)
Hibernate: 
    insert 
    into
        question
        (content,create_date,subject,id) 
    values
        (?,?,?,default)
Hibernate: 
    insert 
    into
        question
        (content,create_date,subject,id) 
    values
        (?,?,?,default)
Hibernate: 
    insert 
    into
        question
        (content,create_date,subject,id) 
    values
        (?,?,?,default)
Hibernate: 
    insert 
    into
        question
        (content,create_date,subject,id) 
    values
        (?,?,?,default)
Hibernate: 
    insert 
    into
        question
        (content,create_date,subject,id) 
    values
        (?,?,?,default)
Hibernate: 
    insert 
    into
        question
        (content,create_date,subject,id) 
    values
        (?,?,?,default)
Hibernate: 
    insert 
    into
        question
        (content,create_date,subject,id) 
    values
        (?,?,?,default)
Hibernate: 
    insert 
    into
        question
        (content,create_date,subject,id) 
    values
        (?,?,?,default)
Hibernate: 
    insert 
    into
        question
        (content,create_date,subject,id) 
    values
        (?,?,?,default)
Hibernate: 
    insert 
    into
        question
        (content,create_date,subject,id) 
    values
        (?,?,?,default)
Hibernate: 
    insert 
    into
        question
        (content,create_date,subject,id) 
    values
        (?,?,?,default)
Hibernate: 
    insert 
    into
        question
        (content,create_date,subject,id) 
    values
        (?,?,?,default)
Hibernate: 
    insert 
    into
        question
        (content,create_date,subject,id) 
    values
        (?,?,?,default)
Hibernate: 
    insert 
    into
        question
        (content,create_date,subject,id) 
    values
        (?,?,?,default)
Hibernate: 
    insert 
    into
        question
        (content,create_date,subject,id) 
    values
        (?,?,?,default)
Hibernate: 
    insert 
    into
        question
        (content,create_date,subject,id) 
    values
        (?,?,?,default)
Hibernate: 
    insert 
    into
        question
        (content,create_date,subject,id) 
    values
        (?,?,?,default)
Hibernate: 
    insert 
    into
        question
        (content,create_date,subject,id) 
    values
        (?,?,?,default)
Hibernate: 
    insert 
    into
        question
        (content,create_date,subject,id) 
    values
        (?,?,?,default)
Hibernate: 
    insert 
    into
        question
        (content,create_date,subject,id) 
    values
        (?,?,?,default)
Hibernate: 
    insert 
    into
        question
        (content,create_date,subject,id) 
    values
        (?,?,?,default)
Hibernate: 
    insert 
    into
        question
        (content,create_date,subject,id) 
    values
        (?,?,?,default)
Hibernate: 
    insert 
    into
        question
        (content,create_date,subject,id) 
    values
        (?,?,?,default)
Hibernate: 
    insert 
    into
        question
        (content,create_date,subject,id) 
    values
        (?,?,?,default)
Hibernate: 
    insert 
    into
        question
        (content,create_date,subject,id) 
    values
        (?,?,?,default)
Hibernate: 
    insert 
    into
        question
        (content,create_date,subject,id) 
    values
        (?,?,?,default)
Hibernate: 
    insert 
    into
        question
        (content,create_date,subject,id) 
    values
        (?,?,?,default)
Hibernate: 
    insert 
    into
        question
        (content,create_date,subject,id) 
    values
        (?,?,?,default)
Hibernate: 
    insert 
    into
        question
        (content,create_date,subject,id) 
    values
        (?,?,?,default)
Hibernate: 
    insert 
    into
        question
        (content,create_date,subject,id) 
    values
        (?,?,?,default)
Hibernate: 
    insert 
    into
        question
        (content,create_date,subject,id) 
    values
        (?,?,?,default)
Hibernate: 
    insert 
    into
        question
        (content,create_date,subject,id) 
    values
        (?,?,?,default)
Hibernate: 
    insert 
    into
        question
        (content,create_date,subject,id) 
    values
        (?,?,?,default)
Hibernate: 
    insert 
    into
        question
        (content,create_date,subject,id) 
    values
        (?,?,?,default)
Hibernate: 
    insert 
    into
        question
        (content,create_date,subject,id) 
    values
        (?,?,?,default)
Hibernate: 
    insert 
    into
        question
        (content,create_date,subject,id) 
    values
        (?,?,?,default)
Hibernate: 
    insert 
    into
        question
        (content,create_date,subject,id) 
    values
        (?,?,?,default)
Hibernate: 
    insert 
    into
        question
        (content,create_date,subject,id) 
    values
        (?,?,?,default)
Hibernate: 
    insert 
    into
        question
        (content,create_date,subject,id) 
    values
        (?,?,?,default)
Hibernate: 
    insert 
    into
        question
        (content,create_date,subject,id) 
    values
        (?,?,?,default)
Hibernate: 
    insert 
    into
        question
        (content,create_date,subject,id) 
    values
        (?,?,?,default)
Hibernate: 
    insert 
    into
        question
        (content,create_date,subject,id) 
    values
        (?,?,?,default)
Hibernate: 
    insert 
    into
        question
        (content,create_date,subject,id) 
    values
        (?,?,?,default)
Hibernate: 
    insert 
    into
        question
        (content,create_date,subject,id) 
    values
        (?,?,?,default)
Hibernate: 
    insert 
    into
        question
        (content,create_date,subject,id) 
    values
        (?,?,?,default)
Hibernate: 
    insert 
    into
        question
        (content,create_date,subject,id) 
    values
        (?,?,?,default)
Hibernate: 
    insert 
    into
        question
        (content,create_date,subject,id) 
    values
        (?,?,?,default)
Hibernate: 
    insert 
    into
        question
        (content,create_date,subject,id) 
    values
        (?,?,?,default)
Hibernate: 
    insert 
    into
        question
        (content,create_date,subject,id) 
    values
        (?,?,?,default)
Hibernate: 
    insert 
    into
        question
        (content,create_date,subject,id) 
    values
        (?,?,?,default)
Hibernate: 
    insert 
    into
        question
        (content,create_date,subject,id) 
    values
        (?,?,?,default)
Hibernate: 
    insert 
    into
        question
        (content,create_date,subject,id) 
    values
        (?,?,?,default)
Hibernate: 
    insert 
    into
        question
        (content,create_date,subject,id) 
    values
        (?,?,?,default)
Hibernate: 
    insert 
    into
        question
        (content,create_date,subject,id) 
    values
        (?,?,?,default)
Hibernate: 
    insert 
    into
        question
        (content,create_date,subject,id) 
    values
        (?,?,?,default)
Hibernate: 
    insert 
    into
        question
        (content,create_date,subject,id) 
    values
        (?,?,?,default)
Hibernate: 
    insert 
    into
        question
        (content,create_date,subject,id) 
    values
        (?,?,?,default)
Hibernate: 
    insert 
    into
        question
        (content,create_date,subject,id) 
    values
        (?,?,?,default)
Hibernate: 
    insert 
    into
        question
        (content,create_date,subject,id) 
    values
        (?,?,?,default)
Hibernate: 
    insert 
    into
        question
        (content,create_date,subject,id) 
    values
        (?,?,?,default)
Hibernate: 
    insert 
    into
        question
        (content,create_date,subject,id) 
    values
        (?,?,?,default)
Hibernate: 
    insert 
    into
        question
        (content,create_date,subject,id) 
    values
        (?,?,?,default)
Hibernate: 
    insert 
    into
        question
        (content,create_date,subject,id) 
    values
        (?,?,?,default)
Hibernate: 
    insert 
    into
        question
        (content,create_date,subject,id) 
    values
        (?,?,?,default)
Hibernate: 
    insert 
    into
        question
        (content,create_date,subject,id) 
    values
        (?,?,?,default)
Hibernate: 
    insert 
    into
        question
        (content,create_date,subject,id) 
    values
        (?,?,?,default)
Hibernate: 
    insert 
    into
        question
        (content,create_date,subject,id) 
    values
        (?,?,?,default)
Hibernate: 
    insert 
    into
        question
        (content,create_date,subject,id) 
    values
        (?,?,?,default)
Hibernate: 
    insert 
    into
        question
        (content,create_date,subject,id) 
    values
        (?,?,?,default)
Hibernate: 
    insert 
    into
        question
        (content,create_date,subject,id) 
    values
        (?,?,?,default)
Hibernate: 
    insert 
    into
        question
        (content,create_date,subject,id) 
    values
        (?,?,?,default)
Hibernate: 
    insert 
    into
        question
        (content,create_date,subject,id) 
    values
        (?,?,?,default)
Hibernate: 
    insert 
    into
        question
        (content,create_date,subject,id) 
    values
        (?,?,?,default)
Hibernate: 
    insert 
    into
        question
        (content,create_date,subject,id) 
    values
        (?,?,?,default)
Hibernate: 
    insert 
    into
        question
        (content,create_date,subject,id) 
    values
        (?,?,?,default)
Hibernate: 
    insert 
    into
        question
        (content,create_date,subject,id) 
    values
        (?,?,?,default)
Hibernate: 
    insert 
    into
        question
        (content,create_date,subject,id) 
    values
        (?,?,?,default)
Hibernate: 
    insert 
    into
        question
        (content,create_date,subject,id) 
    values
        (?,?,?,default)
Hibernate: 
    insert 
    into
        question
        (content,create_date,subject,id) 
    values
        (?,?,?,default)
Hibernate: 
    insert 
    into
        question
        (content,create_date,subject,id) 
    values
        (?,?,?,default)
Hibernate: 
    insert 
    into
        question
        (content,create_date,subject,id) 
    values
        (?,?,?,default)
Hibernate: 
    insert 
    into
        question
        (content,create_date,subject,id) 
    values
        (?,?,?,default)
Hibernate: 
    insert 
    into
        question
        (content,create_date,subject,id) 
    values
        (?,?,?,default)
Hibernate: 
    insert 
    into
        question
        (content,create_date,subject,id) 
    values
        (?,?,?,default)
Hibernate: 
    insert 
    into
        question
        (content,create_date,subject,id) 
    values
        (?,?,?,default)
Hibernate: 
    insert 
    into
        question
        (content,create_date,subject,id) 
    values
        (?,?,?,default)
Hibernate: 
    insert 
    into
        question
        (content,create_date,subject,id) 
    values
        (?,?,?,default)
Hibernate: 
    insert 
    into
        question
        (content,create_date,subject,id) 
    values
        (?,?,?,default)
Hibernate: 
    insert 
    into
        question
        (content,create_date,subject,id) 
    values
        (?,?,?,default)
Hibernate: 
    insert 
    into
        question
        (content,create_date,subject,id) 
    values
        (?,?,?,default)
Hibernate: 
    insert 
    into
        question
        (content,create_date,subject,id) 
    values
        (?,?,?,default)
Hibernate: 
    insert 
    into
        question
        (content,create_date,subject,id) 
    values
        (?,?,?,default)
Hibernate: 
    insert 
    into
        question
        (content,create_date,subject,id) 
    values
        (?,?,?,default)
Hibernate: 
    insert 
    into
        question
        (content,create_date,subject,id) 
    values
        (?,?,?,default)
Hibernate: 
    insert 
    into
        question
        (content,create_date,subject,id) 
    values
        (?,?,?,default)
Hibernate: 
    insert 
    into
        question
        (content,create_date,subject,id) 
    values
        (?,?,?,default)
Hibernate: 
    insert 
    into
        question
        (content,create_date,subject,id) 
    values
        (?,?,?,default)
Hibernate: 
    insert 
    into
        question
        (content,create_date,subject,id) 
    values
        (?,?,?,default)
Hibernate: 
    insert 
    into
        question
        (content,create_date,subject,id) 
    values
        (?,?,?,default)
Hibernate: 
    insert 
    into
        question
        (content,create_date,subject,id) 
    values
        (?,?,?,default)
Hibernate: 
    insert 
    into
        question
        (content,create_date,subject,id) 
    values
        (?,?,?,default)
Hibernate: 
    insert 
    into
        question
        (content,create_date,subject,id) 
    values
        (?,?,?,default)
Hibernate: 
    insert 
    into
        question
        (content,create_date,subject,id) 
    values
        (?,?,?,default)
Hibernate: 
    insert 
    into
        question
        (content,create_date,subject,id) 
    values
        (?,?,?,default)
Hibernate: 
    insert 
    into
        question
        (content,create_date,subject,id) 
    values
        (?,?,?,default)
Hibernate: 
    insert 
    into
        question
        (content,create_date,subject,id) 
    values
        (?,?,?,default)
Hibernate: 
    insert 
    into
        question
        (content,create_date,subject,id) 
    values
        (?,?,?,default)
Hibernate: 
    insert 
    into
        question
        (content,create_date,subject,id) 
    values
        (?,?,?,default)
Hibernate: 
    insert 
    into
        question
        (content,create_date,subject,id) 
    values
        (?,?,?,default)
Hibernate: 
    insert 
    into
        question
        (content,create_date,subject,id) 
    values
        (?,?,?,default)
Hibernate: 
    insert 
    into
        question
        (content,create_date,subject,id) 
    values
        (?,?,?,default)
Hibernate: 
    insert 
    into
        question
        (content,create_date,subject,id) 
    values
        (?,?,?,default)
Hibernate: 
    insert 
    into
        question
        (content,create_date,subject,id) 
    values
        (?,?,?,default)
Hibernate: 
    insert 
    into
        question
        (content,create_date,subject,id) 
    values
        (?,?,?,default)
Hibernate: 
    insert 
    into
        question
        (content,create_date,subject,id) 
    values
        (?,?,?,default)
Hibernate: 
    insert 
    into
        question
        (content,create_date,subject,id) 
    values
        (?,?,?,default)
Hibernate: 
    insert 
    into
        question
        (content,create_date,subject,id) 
    values
        (?,?,?,default)
Hibernate: 
    insert 
    into
        question
        (content,create_date,subject,id) 
    values
        (?,?,?,default)
Hibernate: 
    insert 
    into
        question
        (content,create_date,subject,id) 
    values
        (?,?,?,default)
Hibernate: 
    insert 
    into
        question
        (content,create_date,subject,id) 
    values
        (?,?,?,default)
Hibernate: 
    insert 
    into
        question
        (content,create_date,subject,id) 
    values
        (?,?,?,default)
Hibernate: 
    insert 
    into
        question
        (content,create_date,subject,id) 
    values
        (?,?,?,default)
Hibernate: 
    insert 
    into
        question
        (content,create_date,subject,id) 
    values
        (?,?,?,default)
Hibernate: 
    insert 
    into
        question
        (content,create_date,subject,id) 
    values
        (?,?,?,default)
Hibernate: 
    insert 
    into
        question
        (content,create_date,subject,id) 
    values
        (?,?,?,default)
Hibernate: 
    insert 
    into
        question
        (content,create_date,subject,id) 
    values
        (?,?,?,default)
Hibernate: 
    insert 
    into
        question
        (content,create_date,subject,id) 
    values
        (?,?,?,default)
Hibernate: 
    insert 
    into
        question
        (content,create_date,subject,id) 
    values
        (?,?,?,default)
Hibernate: 
    insert 
    into
        question
        (content,create_date,subject,id) 
    values
        (?,?,?,default)
Hibernate: 
    insert 
    into
        question
        (content,create_date,subject,id) 
    values
        (?,?,?,default)
Hibernate: 
    insert 
    into
        question
        (content,create_date,subject,id) 
    values
        (?,?,?,default)
Hibernate: 
    insert 
    into
        question
        (content,create_date,subject,id) 
    values
        (?,?,?,default)
Hibernate: 
    insert 
    into
        question
        (content,create_date,subject,id) 
    values
        (?,?,?,default)
Hibernate: 
    insert 
    into
        question
        (content,create_date,subject,id) 
    values
        (?,?,?,default)
Hibernate: 
    insert 
    into
        question
        (content,create_date,subject,id) 
    values
        (?,?,?,default)
Hibernate: 
    insert 
    into
        question
        (content,create_date,subject,id) 
    values
        (?,?,?,default)
Hibernate: 
    insert 
    into
        question
        (content,create_date,subject,id) 
    values
        (?,?,?,default)
Hibernate: 
    insert 
    into
        question
        (content,create_date,subject,id) 
    values
        (?,?,?,default)
Hibernate: 
    insert 
    into
        question
        (content,create_date,subject,id) 
    values
        (?,?,?,default)
Hibernate: 
    insert 
    into
        question
        (content,create_date,subject,id) 
    values
        (?,?,?,default)
Hibernate: 
    insert 
    into
        question
        (content,create_date,subject,id) 
    values
        (?,?,?,default)
Hibernate: 
    insert 
    into
        question
        (content,create_date,subject,id) 
    values
        (?,?,?,default)
Hibernate: 
    insert 
    into
        question
        (content,create_date,subject,id) 
    values
        (?,?,?,default)
Hibernate: 
    insert 
    into
        question
        (content,create_date,subject,id) 
    values
        (?,?,?,default)
Hibernate: 
    insert 
    into
        question
        (content,create_date,subject,id) 
    values
        (?,?,?,default)
Hibernate: 
    insert 
    into
        question
        (content,create_date,subject,id) 
    values
        (?,?,?,default)
Hibernate: 
    insert 
    into
        question
        (content,create_date,subject,id) 
    values
        (?,?,?,default)
Hibernate: 
    insert 
    into
        question
        (content,create_date,subject,id) 
    values
        (?,?,?,default)
Hibernate: 
    insert 
    into
        question
        (content,create_date,subject,id) 
    values
        (?,?,?,default)
Hibernate: 
    insert 
    into
        question
        (content,create_date,subject,id) 
    values
        (?,?,?,default)
Hibernate: 
    insert 
    into
        question
        (content,create_date,subject,id) 
    values
        (?,?,?,default)
]]></system-out>
  <system-err><![CDATA[]]></system-err>
</testsuite>
